Array
(
    [DOCUMENT_ROOT] => /home/devcarts/public_html
    [GATEWAY_INTERFACE] => CGI/1.1
    [HTTP_ACCEPT] => text/xml,application/xml,application/xhtml+xml,text/html;q=0.9,text/plain;q=0.8,image/png,*/*;q=0.5
    [HTTP_ACCEPT_LANGUAGE] => en-us,en;q=0.5
    [HTTP_CONNECTION] => Close
    [HTTP_HOST] => dev.cartstore.com
    [HTTP_REFERER] => http://dev.cartstore.com/
    [HTTP_USER_AGENT] => Mozilla/5.0 (compatible; XML Sitemaps Generator; http://www.xml-sitemaps.com) Gecko XML-Sitemaps/1.0
    [PATH] => /bin:/usr/bin
    [QUERY_STRING] => 
    [REDIRECT_STATUS] => 200
    [REMOTE_ADDR] => 50.28.26.56
    [REMOTE_PORT] => 42595
    [REQUEST_METHOD] => GET
    [REQUEST_URI] => /
    [SCRIPT_FILENAME] => /home/devcarts/public_html/index.php
    [SCRIPT_NAME] => /index.php
    [SERVER_ADDR] => 50.28.26.56
    [SERVER_ADMIN] => webmaster@dev.cartstore.com
    [SERVER_NAME] => dev.cartstore.com
    [SERVER_PORT] => 80
    [SERVER_PROTOCOL] => HTTP/1.0
    [SERVER_SIGNATURE] => <address>Apache/2.2.20 (Unix) mod_ssl/2.2.20 OpenSSL/0.9.8e-fips-rhel5 mod_auth_passthrough/2.1 mod_bwlimited/1.4 FrontPage/5.0.2.2635 Server at dev.cartstore.com Port 80</address>

    [SERVER_SOFTWARE] => Apache/2.2.20 (Unix) mod_ssl/2.2.20 OpenSSL/0.9.8e-fips-rhel5 mod_auth_passthrough/2.1 mod_bwlimited/1.4 FrontPage/5.0.2.2635
    [UNIQUE_ID] => Tt2ucjIcGjgAAFD4IyEAAAAB
    [PHP_SELF] => /index.php
    [REQUEST_TIME] => 1323150962
    [argv] => Array
        (
        )

    [argc] => 0
)


----------------------------------------------

