
Mon Mar 24 6:01:05 EDT 2008:- <?xml version="1.0" encoding="UTF-8"?>
<merchant-calculation-callback xmlns="http://checkout.google.com/schema/2" serial-number="9f5adfec-cf7b-4605-b7ee-79be7131b6af">
  <shopping-cart>
    <items>
      <item>
        <item-weight value="1.0" unit="LB" />
        <item-name>Test Product</item-name>
        <item-description>This is a test&lt;br /&gt;</item-description>
        <quantity>1</quantity>
        <unit-price currency="USD">1.0</unit-price>
        <merchant-item-id>1914</merchant-item-id>
        <merchant-private-item-data>
          
          
          <item>YToxMTp7czozOiJxdHkiO2k6MTtzOjQ6Im5hbWUiO3M6MTI6IlRlc3QgUHJvZHVjdCI7czo1OiJtb2RlbCI7czo0OiIxMjM0IjtzOjM6InRheCI7aTowO3M6MTU6InRheF9kZXNjcmlwdGlvbiI7czoxNjoiVW5rbm93biB0YXggcmF0ZSI7czo1OiJwcmljZSI7czo2OiIxLjAwMDAiO3M6MTE6ImZpbmFsX3ByaWNlIjtkOjE7czoxMDoidmVuZG9yc19pZCI7TjtzOjEyOiJ2ZW5kb3JzX25hbWUiO047czo2OiJ3ZWlnaHQiO3M6NDoiMS4wMCI7czoyOiJpZCI7aToxOTE0O30=</item>
          
        
        </merchant-private-item-data>
      </item>
    </items>
    <merchant-private-data>
      
      
      <session-data>17ab496a314ae8b2159123e4cdd2010e;osCsid</session-data>
      
    
    </merchant-private-data>
  </shopping-cart>
  <buyer-id>447580900692213</buyer-id>
  <calculate>
    <addresses>
      <anonymous-address id="641918015529363">
        <country-code>US</country-code>
        <city>orlando</city>
        <region>FL</region>
        <postal-code>32839</postal-code>
      </anonymous-address>
    </addresses>
    <shipping>
      <method name="Zones: Zones Rates" />
    </shipping>
    <tax>false</tax>
    <merchant-code-strings />
  </calculate>
  <buyer-language>en_US</buyer-language>
</merchant-calculation-callback>



Mon Mar 24 6:02:07 EDT 2008:- <?xml version="1.0" encoding="UTF-8"?>
<merchant-calculation-callback xmlns="http://checkout.google.com/schema/2" serial-number="ad646b4a-dd77-426b-a3d4-564bab27071a">
  <shopping-cart>
    <items>
      <item>
        <item-weight value="1.0" unit="LB" />
        <item-name>Test Product</item-name>
        <item-description>This is a test&lt;br /&gt;</item-description>
        <quantity>1</quantity>
        <unit-price currency="USD">1.0</unit-price>
        <merchant-item-id>1914</merchant-item-id>
        <merchant-private-item-data>
          
          
          <item>YToxMTp7czozOiJxdHkiO2k6MTtzOjQ6Im5hbWUiO3M6MTI6IlRlc3QgUHJvZHVjdCI7czo1OiJtb2RlbCI7czo0OiIxMjM0IjtzOjM6InRheCI7aTowO3M6MTU6InRheF9kZXNjcmlwdGlvbiI7czoxNjoiVW5rbm93biB0YXggcmF0ZSI7czo1OiJwcmljZSI7czo2OiIxLjAwMDAiO3M6MTE6ImZpbmFsX3ByaWNlIjtkOjE7czoxMDoidmVuZG9yc19pZCI7TjtzOjEyOiJ2ZW5kb3JzX25hbWUiO047czo2OiJ3ZWlnaHQiO3M6NDoiMS4wMCI7czoyOiJpZCI7aToxOTE0O30=</item>
          
        
        </merchant-private-item-data>
      </item>
    </items>
    <merchant-private-data>
      
      
      <session-data>17ab496a314ae8b2159123e4cdd2010e;osCsid</session-data>
      
    
    </merchant-private-data>
  </shopping-cart>
  <buyer-id>447580900692213</buyer-id>
  <calculate>
    <addresses>
      <anonymous-address id="641918015529363">
        <country-code>US</country-code>
        <city>orlando</city>
        <region>FL</region>
        <postal-code>32839</postal-code>
      </anonymous-address>
    </addresses>
    <shipping>
      <method name="Zones: Zones Rates" />
    </shipping>
    <tax>false</tax>
    <merchant-code-strings />
  </calculate>
  <buyer-language>en_US</buyer-language>
</merchant-calculation-callback>



Mon Mar 24 6:02:30 EDT 2008:- <?xml version="1.0" encoding="UTF-8"?>
<merchant-calculation-callback xmlns="http://checkout.google.com/schema/2" serial-number="52419bd4-dbc4-49e7-ab4a-a96643550311">
  <shopping-cart>
    <items>
      <item>
        <item-weight value="1.0" unit="LB" />
        <item-name>Test Product</item-name>
        <item-description>This is a test&lt;br /&gt;</item-description>
        <quantity>1</quantity>
        <unit-price currency="USD">1.0</unit-price>
        <merchant-item-id>1914</merchant-item-id>
        <merchant-private-item-data>
          
          
          <item>YToxMTp7czozOiJxdHkiO2k6MTtzOjQ6Im5hbWUiO3M6MTI6IlRlc3QgUHJvZHVjdCI7czo1OiJtb2RlbCI7czo0OiIxMjM0IjtzOjM6InRheCI7aTowO3M6MTU6InRheF9kZXNjcmlwdGlvbiI7czoxNjoiVW5rbm93biB0YXggcmF0ZSI7czo1OiJwcmljZSI7czo2OiIxLjAwMDAiO3M6MTE6ImZpbmFsX3ByaWNlIjtkOjE7czoxMDoidmVuZG9yc19pZCI7TjtzOjEyOiJ2ZW5kb3JzX25hbWUiO047czo2OiJ3ZWlnaHQiO3M6NDoiMS4wMCI7czoyOiJpZCI7aToxOTE0O30=</item>
          
        
        </merchant-private-item-data>
      </item>
    </items>
    <merchant-private-data>
      
      
      <session-data>17ab496a314ae8b2159123e4cdd2010e;osCsid</session-data>
      
    
    </merchant-private-data>
  </shopping-cart>
  <buyer-id>447580900692213</buyer-id>
  <calculate>
    <addresses>
      <anonymous-address id="641918015529363">
        <country-code>US</country-code>
        <city>orlando</city>
        <region>FL</region>
        <postal-code>32839</postal-code>
      </anonymous-address>
    </addresses>
    <shipping>
      <method name="Zones: Zones Rates" />
    </shipping>
    <tax>false</tax>
    <merchant-code-strings />
  </calculate>
  <buyer-language>en_US</buyer-language>
</merchant-calculation-callback>



Mon Mar 24 6:07:33 EDT 2008:- <?xml version="1.0" encoding="UTF-8"?>
<merchant-calculation-callback xmlns="http://checkout.google.com/schema/2" serial-number="102dddcf-6889-443d-a7a8-9bb6496abcfa">
  <shopping-cart>
    <items>
      <item>
        <item-weight value="1.0" unit="LB" />
        <item-name>Test Product</item-name>
        <item-description>This is a test&lt;br /&gt;</item-description>
        <quantity>1</quantity>
        <unit-price currency="USD">1.0</unit-price>
        <merchant-item-id>1914</merchant-item-id>
        <merchant-private-item-data>
          
          
          <item>YToxMTp7czozOiJxdHkiO2k6MTtzOjQ6Im5hbWUiO3M6MTI6IlRlc3QgUHJvZHVjdCI7czo1OiJtb2RlbCI7czo0OiIxMjM0IjtzOjM6InRheCI7aTowO3M6MTU6InRheF9kZXNjcmlwdGlvbiI7czoxNjoiVW5rbm93biB0YXggcmF0ZSI7czo1OiJwcmljZSI7czo2OiIxLjAwMDAiO3M6MTE6ImZpbmFsX3ByaWNlIjtkOjE7czoxMDoidmVuZG9yc19pZCI7TjtzOjEyOiJ2ZW5kb3JzX25hbWUiO047czo2OiJ3ZWlnaHQiO3M6NDoiMS4wMCI7czoyOiJpZCI7aToxOTE0O30=</item>
          
        
        </merchant-private-item-data>
      </item>
    </items>
    <merchant-private-data>
      
      
      <session-data>17ab496a314ae8b2159123e4cdd2010e;osCsid</session-data>
      
    
    </merchant-private-data>
  </shopping-cart>
  <buyer-id>447580900692213</buyer-id>
  <calculate>
    <addresses>
      <anonymous-address id="641918015529363">
        <country-code>US</country-code>
        <city>orlando</city>
        <region>FL</region>
        <postal-code>32839</postal-code>
      </anonymous-address>
    </addresses>
    <shipping>
      <method name="Zones: Zones Rates" />
    </shipping>
    <tax>false</tax>
    <merchant-code-strings />
  </calculate>
  <buyer-language>en_US</buyer-language>
</merchant-calculation-callback>



Mon Mar 24 6:11:30 EDT 2008:- <?xml version="1.0" encoding="UTF-8"?>
<merchant-calculation-callback xmlns="http://checkout.google.com/schema/2" serial-number="90deb848-4d53-47e0-9870-720e3d1ffa39">
  <shopping-cart>
    <items>
      <item>
        <item-weight value="1.0" unit="LB" />
        <item-name>Test Product</item-name>
        <item-description>This is a test&lt;br /&gt;</item-description>
        <quantity>1</quantity>
        <unit-price currency="USD">1.0</unit-price>
        <merchant-item-id>1914</merchant-item-id>
        <merchant-private-item-data>
          
          
          <item>YToxMTp7czozOiJxdHkiO2k6MTtzOjQ6Im5hbWUiO3M6MTI6IlRlc3QgUHJvZHVjdCI7czo1OiJtb2RlbCI7czo0OiIxMjM0IjtzOjM6InRheCI7aTowO3M6MTU6InRheF9kZXNjcmlwdGlvbiI7czoxNjoiVW5rbm93biB0YXggcmF0ZSI7czo1OiJwcmljZSI7czo2OiIxLjAwMDAiO3M6MTE6ImZpbmFsX3ByaWNlIjtkOjE7czoxMDoidmVuZG9yc19pZCI7TjtzOjEyOiJ2ZW5kb3JzX25hbWUiO047czo2OiJ3ZWlnaHQiO3M6NDoiMS4wMCI7czoyOiJpZCI7aToxOTE0O30=</item>
          
        
        </merchant-private-item-data>
      </item>
    </items>
    <merchant-private-data>
      
      
      <session-data>17ab496a314ae8b2159123e4cdd2010e;osCsid</session-data>
      
    
    </merchant-private-data>
  </shopping-cart>
  <buyer-id>447580900692213</buyer-id>
  <calculate>
    <addresses>
      <anonymous-address id="641918015529363">
        <country-code>US</country-code>
        <city>orlando</city>
        <region>FL</region>
        <postal-code>32839</postal-code>
      </anonymous-address>
    </addresses>
    <shipping>
      <method name="Zone Rates: Shipping to US : 0 lb(s)" />
    </shipping>
    <tax>false</tax>
    <merchant-code-strings />
  </calculate>
  <buyer-language>en_US</buyer-language>
</merchant-calculation-callback>



Mon Mar 24 6:16:55 EDT 2008:- <?xml version="1.0" encoding="UTF-8"?>
<new-order-notification xmlns="http://checkout.google.com/schema/2" serial-number="221810629869430-00001-7">
  <timestamp>2008-03-24T10:16:53.291Z</timestamp>
  <shopping-cart>
    <items>
      <item>
        <item-weight value="1.0" unit="LB" />
        <merchant-item-id>1914</merchant-item-id>
        <item-name>Test Product</item-name>
        <item-description>This is a test&lt;br /&gt;</item-description>
        <unit-price currency="USD">1.0</unit-price>
        <quantity>1</quantity>
        <merchant-private-item-data>
          
          
          <item>YToxMTp7czozOiJxdHkiO2k6MTtzOjQ6Im5hbWUiO3M6MTI6IlRlc3QgUHJvZHVjdCI7czo1OiJtb2RlbCI7czo0OiIxMjM0IjtzOjM6InRheCI7aTowO3M6MTU6InRheF9kZXNjcmlwdGlvbiI7czoxNjoiVW5rbm93biB0YXggcmF0ZSI7czo1OiJwcmljZSI7czo2OiIxLjAwMDAiO3M6MTE6ImZpbmFsX3ByaWNlIjtkOjE7czoxMDoidmVuZG9yc19pZCI7TjtzOjEyOiJ2ZW5kb3JzX25hbWUiO047czo2OiJ3ZWlnaHQiO3M6NDoiMS4wMCI7czoyOiJpZCI7aToxOTE0O30=</item>
          
        
        </merchant-private-item-data>
      </item>
    </items>
    <merchant-private-data>
      
      
      <session-data>17ab496a314ae8b2159123e4cdd2010e;osCsid</session-data>
      
    
    </merchant-private-data>
  </shopping-cart>
  <order-adjustment>
    <merchant-codes />
    <total-tax currency="USD">0.0</total-tax>
    <shipping>
      <carrier-calculated-shipping-adjustment>
        <shipping-name>FedEx Ground</shipping-name>
        <shipping-cost currency="USD">6.98</shipping-cost>
      </carrier-calculated-shipping-adjustment>
    </shipping>
    <adjustment-total currency="USD">6.98</adjustment-total>
  </order-adjustment>
  <buyer-id>809562694029263</buyer-id>
  <google-order-number>221810629869430</google-order-number>
  <buyer-shipping-address>
    <contact-name>jason</contact-name>
    <company-name></company-name>
    <email>start@cartstore.com</email>
    <phone></phone>
    <fax></fax>
    <address1>5100 park central</address1>
    <address2></address2>
    <city>orlando</city>
    <country-code>US</country-code>
    <region>FL</region>
    <postal-code>32839</postal-code>
  </buyer-shipping-address>
  <buyer-billing-address>
    <contact-name>jason</contact-name>
    <company-name></company-name>
    <email>start@cartstore.com</email>
    <phone>800 768-7851</phone>
    <fax></fax>
    <address1>5100 park central</address1>
    <address2></address2>
    <city>orlando</city>
    <country-code>US</country-code>
    <region>FL</region>
    <postal-code>32839</postal-code>
  </buyer-billing-address>
  <buyer-marketing-preferences>
    <email-allowed>true</email-allowed>
  </buyer-marketing-preferences>
  <order-total currency="USD">7.98</order-total>
  <fulfillment-order-state>NEW</fulfillment-order-state>
  <financial-order-state>REVIEWING</financial-order-state>
</new-order-notification>



Mon Mar 24 6:17:32 EDT 2008:- <?xml version="1.0" encoding="UTF-8"?>
<new-order-notification xmlns="http://checkout.google.com/schema/2" serial-number="221810629869430-00001-7">
  <timestamp>2008-03-24T10:16:53.291Z</timestamp>
  <shopping-cart>
    <items>
      <item>
        <item-weight value="1.0" unit="LB" />
        <merchant-item-id>1914</merchant-item-id>
        <item-name>Test Product</item-name>
        <item-description>This is a test&lt;br /&gt;</item-description>
        <unit-price currency="USD">1.0</unit-price>
        <quantity>1</quantity>
        <merchant-private-item-data>
          
          
          <item>YToxMTp7czozOiJxdHkiO2k6MTtzOjQ6Im5hbWUiO3M6MTI6IlRlc3QgUHJvZHVjdCI7czo1OiJtb2RlbCI7czo0OiIxMjM0IjtzOjM6InRheCI7aTowO3M6MTU6InRheF9kZXNjcmlwdGlvbiI7czoxNjoiVW5rbm93biB0YXggcmF0ZSI7czo1OiJwcmljZSI7czo2OiIxLjAwMDAiO3M6MTE6ImZpbmFsX3ByaWNlIjtkOjE7czoxMDoidmVuZG9yc19pZCI7TjtzOjEyOiJ2ZW5kb3JzX25hbWUiO047czo2OiJ3ZWlnaHQiO3M6NDoiMS4wMCI7czoyOiJpZCI7aToxOTE0O30=</item>
          
        
        </merchant-private-item-data>
      </item>
    </items>
    <merchant-private-data>
      
      
      <session-data>17ab496a314ae8b2159123e4cdd2010e;osCsid</session-data>
      
    
    </merchant-private-data>
  </shopping-cart>
  <order-adjustment>
    <merchant-codes />
    <total-tax currency="USD">0.0</total-tax>
    <shipping>
      <carrier-calculated-shipping-adjustment>
        <shipping-name>FedEx Ground</shipping-name>
        <shipping-cost currency="USD">6.98</shipping-cost>
      </carrier-calculated-shipping-adjustment>
    </shipping>
    <adjustment-total currency="USD">6.98</adjustment-total>
  </order-adjustment>
  <buyer-id>809562694029263</buyer-id>
  <google-order-number>221810629869430</google-order-number>
  <buyer-shipping-address>
    <contact-name>jason</contact-name>
    <company-name></company-name>
    <email>start@cartstore.com</email>
    <phone></phone>
    <fax></fax>
    <address1>5100 park central</address1>
    <address2></address2>
    <city>orlando</city>
    <country-code>US</country-code>
    <region>FL</region>
    <postal-code>32839</postal-code>
  </buyer-shipping-address>
  <buyer-billing-address>
    <contact-name>jason</contact-name>
    <company-name></company-name>
    <email>start@cartstore.com</email>
    <phone>800 768-7851</phone>
    <fax></fax>
    <address1>5100 park central</address1>
    <address2></address2>
    <city>orlando</city>
    <country-code>US</country-code>
    <region>FL</region>
    <postal-code>32839</postal-code>
  </buyer-billing-address>
  <buyer-marketing-preferences>
    <email-allowed>true</email-allowed>
  </buyer-marketing-preferences>
  <order-total currency="USD">7.98</order-total>
  <fulfillment-order-state>NEW</fulfillment-order-state>
  <financial-order-state>REVIEWING</financial-order-state>
</new-order-notification>



Mon Mar 24 6:19:26 EDT 2008:- <?xml version="1.0" encoding="UTF-8"?>
<new-order-notification xmlns="http://checkout.google.com/schema/2" serial-number="221810629869430-00001-7">
  <timestamp>2008-03-24T10:16:53.291Z</timestamp>
  <shopping-cart>
    <items>
      <item>
        <item-weight value="1.0" unit="LB" />
        <merchant-item-id>1914</merchant-item-id>
        <item-name>Test Product</item-name>
        <item-description>This is a test&lt;br /&gt;</item-description>
        <unit-price currency="USD">1.0</unit-price>
        <quantity>1</quantity>
        <merchant-private-item-data>
          
          
          <item>YToxMTp7czozOiJxdHkiO2k6MTtzOjQ6Im5hbWUiO3M6MTI6IlRlc3QgUHJvZHVjdCI7czo1OiJtb2RlbCI7czo0OiIxMjM0IjtzOjM6InRheCI7aTowO3M6MTU6InRheF9kZXNjcmlwdGlvbiI7czoxNjoiVW5rbm93biB0YXggcmF0ZSI7czo1OiJwcmljZSI7czo2OiIxLjAwMDAiO3M6MTE6ImZpbmFsX3ByaWNlIjtkOjE7czoxMDoidmVuZG9yc19pZCI7TjtzOjEyOiJ2ZW5kb3JzX25hbWUiO047czo2OiJ3ZWlnaHQiO3M6NDoiMS4wMCI7czoyOiJpZCI7aToxOTE0O30=</item>
          
        
        </merchant-private-item-data>
      </item>
    </items>
    <merchant-private-data>
      
      
      <session-data>17ab496a314ae8b2159123e4cdd2010e;osCsid</session-data>
      
    
    </merchant-private-data>
  </shopping-cart>
  <order-adjustment>
    <merchant-codes />
    <total-tax currency="USD">0.0</total-tax>
    <shipping>
      <carrier-calculated-shipping-adjustment>
        <shipping-name>FedEx Ground</shipping-name>
        <shipping-cost currency="USD">6.98</shipping-cost>
      </carrier-calculated-shipping-adjustment>
    </shipping>
    <adjustment-total currency="USD">6.98</adjustment-total>
  </order-adjustment>
  <buyer-id>809562694029263</buyer-id>
  <google-order-number>221810629869430</google-order-number>
  <buyer-shipping-address>
    <contact-name>jason</contact-name>
    <company-name></company-name>
    <email>start@cartstore.com</email>
    <phone></phone>
    <fax></fax>
    <address1>5100 park central</address1>
    <address2></address2>
    <city>orlando</city>
    <country-code>US</country-code>
    <region>FL</region>
    <postal-code>32839</postal-code>
  </buyer-shipping-address>
  <buyer-billing-address>
    <contact-name>jason</contact-name>
    <company-name></company-name>
    <email>start@cartstore.com</email>
    <phone>800 768-7851</phone>
    <fax></fax>
    <address1>5100 park central</address1>
    <address2></address2>
    <city>orlando</city>
    <country-code>US</country-code>
    <region>FL</region>
    <postal-code>32839</postal-code>
  </buyer-billing-address>
  <buyer-marketing-preferences>
    <email-allowed>true</email-allowed>
  </buyer-marketing-preferences>
  <order-total currency="USD">7.98</order-total>
  <fulfillment-order-state>NEW</fulfillment-order-state>
  <financial-order-state>REVIEWING</financial-order-state>
</new-order-notification>



Mon Mar 24 6:27:03 EDT 2008:- <?xml version="1.0" encoding="UTF-8"?>
<new-order-notification xmlns="http://checkout.google.com/schema/2" serial-number="221810629869430-00001-7">
  <timestamp>2008-03-24T10:16:53.291Z</timestamp>
  <shopping-cart>
    <items>
      <item>
        <item-weight value="1.0" unit="LB" />
        <merchant-item-id>1914</merchant-item-id>
        <item-name>Test Product</item-name>
        <item-description>This is a test&lt;br /&gt;</item-description>
        <unit-price currency="USD">1.0</unit-price>
        <quantity>1</quantity>
        <merchant-private-item-data>
          
          
          <item>YToxMTp7czozOiJxdHkiO2k6MTtzOjQ6Im5hbWUiO3M6MTI6IlRlc3QgUHJvZHVjdCI7czo1OiJtb2RlbCI7czo0OiIxMjM0IjtzOjM6InRheCI7aTowO3M6MTU6InRheF9kZXNjcmlwdGlvbiI7czoxNjoiVW5rbm93biB0YXggcmF0ZSI7czo1OiJwcmljZSI7czo2OiIxLjAwMDAiO3M6MTE6ImZpbmFsX3ByaWNlIjtkOjE7czoxMDoidmVuZG9yc19pZCI7TjtzOjEyOiJ2ZW5kb3JzX25hbWUiO047czo2OiJ3ZWlnaHQiO3M6NDoiMS4wMCI7czoyOiJpZCI7aToxOTE0O30=</item>
          
        
        </merchant-private-item-data>
      </item>
    </items>
    <merchant-private-data>
      
      
      <session-data>17ab496a314ae8b2159123e4cdd2010e;osCsid</session-data>
      
    
    </merchant-private-data>
  </shopping-cart>
  <order-adjustment>
    <merchant-codes />
    <total-tax currency="USD">0.0</total-tax>
    <shipping>
      <carrier-calculated-shipping-adjustment>
        <shipping-name>FedEx Ground</shipping-name>
        <shipping-cost currency="USD">6.98</shipping-cost>
      </carrier-calculated-shipping-adjustment>
    </shipping>
    <adjustment-total currency="USD">6.98</adjustment-total>
  </order-adjustment>
  <buyer-id>809562694029263</buyer-id>
  <google-order-number>221810629869430</google-order-number>
  <buyer-shipping-address>
    <contact-name>jason</contact-name>
    <company-name></company-name>
    <email>start@cartstore.com</email>
    <phone></phone>
    <fax></fax>
    <address1>5100 park central</address1>
    <address2></address2>
    <city>orlando</city>
    <country-code>US</country-code>
    <region>FL</region>
    <postal-code>32839</postal-code>
  </buyer-shipping-address>
  <buyer-billing-address>
    <contact-name>jason</contact-name>
    <company-name></company-name>
    <email>start@cartstore.com</email>
    <phone>800 768-7851</phone>
    <fax></fax>
    <address1>5100 park central</address1>
    <address2></address2>
    <city>orlando</city>
    <country-code>US</country-code>
    <region>FL</region>
    <postal-code>32839</postal-code>
  </buyer-billing-address>
  <buyer-marketing-preferences>
    <email-allowed>true</email-allowed>
  </buyer-marketing-preferences>
  <order-total currency="USD">7.98</order-total>
  <fulfillment-order-state>NEW</fulfillment-order-state>
  <financial-order-state>REVIEWING</financial-order-state>
</new-order-notification>



Mon Mar 24 6:28:52 EDT 2008:- 

Mon Mar 24 6:42:38 EDT 2008:- <?xml version="1.0" encoding="UTF-8"?>
<merchant-calculation-callback xmlns="http://checkout.google.com/schema/2" serial-number="e4cc7ae5-a2b8-4258-9ecc-acdcaf6b0e9b">
  <shopping-cart>
    <items>
      <item>
        <item-weight value="1.0" unit="LB" />
        <item-name>Test Product</item-name>
        <item-description>This is a test&lt;br /&gt;</item-description>
        <quantity>1</quantity>
        <unit-price currency="USD">1.0</unit-price>
        <merchant-item-id>1914</merchant-item-id>
        <merchant-private-item-data>
          
          
          <item>YToxMTp7czozOiJxdHkiO3M6MToiMSI7czo0OiJuYW1lIjtzOjEyOiJUZXN0IFByb2R1Y3QiO3M6NToibW9kZWwiO3M6NDoiMTIzNCI7czozOiJ0YXgiO2k6MDtzOjE1OiJ0YXhfZGVzY3JpcHRpb24iO3M6MTY6IlVua25vd24gdGF4IHJhdGUiO3M6NToicHJpY2UiO3M6NjoiMS4wMDAwIjtzOjExOiJmaW5hbF9wcmljZSI7ZDoxO3M6MTA6InZlbmRvcnNfaWQiO047czoxMjoidmVuZG9yc19uYW1lIjtOO3M6Njoid2VpZ2h0IjtzOjQ6IjEuMDAiO3M6MjoiaWQiO2k6MTkxNDt9</item>
          
        
        </merchant-private-item-data>
      </item>
    </items>
    <merchant-private-data>
      
      
      <session-data>717fa3271dd48f62194da7f9e023f238;osCsid</session-data>
      
    
    </merchant-private-data>
  </shopping-cart>
  <buyer-id>447580900692213</buyer-id>
  <calculate>
    <addresses>
      <anonymous-address id="641918015529363">
        <country-code>US</country-code>
        <city>orlando</city>
        <region>FL</region>
        <postal-code>32839</postal-code>
      </anonymous-address>
    </addresses>
    <shipping>
      <method name="Zone Rates: Shipping to US : 0 lb(s)" />
    </shipping>
    <tax>false</tax>
    <merchant-code-strings />
  </calculate>
  <buyer-language>en_US</buyer-language>
</merchant-calculation-callback>



Mon Mar 24 6:43:18 EDT 2008:- <?xml version="1.0" encoding="UTF-8"?>
<merchant-calculation-callback xmlns="http://checkout.google.com/schema/2" serial-number="7852bf19-ab37-4679-b861-07bd1b2bd683">
  <shopping-cart>
    <items>
      <item>
        <item-weight value="1.0" unit="LB" />
        <item-name>Test Product</item-name>
        <item-description>This is a test&lt;br /&gt;</item-description>
        <quantity>1</quantity>
        <unit-price currency="USD">1.0</unit-price>
        <merchant-item-id>1914</merchant-item-id>
        <merchant-private-item-data>
          
          
          <item>YToxMTp7czozOiJxdHkiO3M6MToiMSI7czo0OiJuYW1lIjtzOjEyOiJUZXN0IFByb2R1Y3QiO3M6NToibW9kZWwiO3M6NDoiMTIzNCI7czozOiJ0YXgiO2k6MDtzOjE1OiJ0YXhfZGVzY3JpcHRpb24iO3M6MTY6IlVua25vd24gdGF4IHJhdGUiO3M6NToicHJpY2UiO3M6NjoiMS4wMDAwIjtzOjExOiJmaW5hbF9wcmljZSI7ZDoxO3M6MTA6InZlbmRvcnNfaWQiO047czoxMjoidmVuZG9yc19uYW1lIjtOO3M6Njoid2VpZ2h0IjtzOjQ6IjEuMDAiO3M6MjoiaWQiO2k6MTkxNDt9</item>
          
        
        </merchant-private-item-data>
      </item>
    </items>
    <merchant-private-data>
      
      
      <session-data>717fa3271dd48f62194da7f9e023f238;osCsid</session-data>
      
    
    </merchant-private-data>
  </shopping-cart>
  <buyer-id>809562694029263</buyer-id>
  <calculate>
    <addresses>
      <anonymous-address id="573922516449230">
        <country-code>US</country-code>
        <city>orlando</city>
        <region>FL</region>
        <postal-code>32839</postal-code>
      </anonymous-address>
    </addresses>
    <shipping>
      <method name="Zone Rates: Shipping to US : 0 lb(s)" />
    </shipping>
    <tax>false</tax>
    <merchant-code-strings />
  </calculate>
  <buyer-language>en_US</buyer-language>
</merchant-calculation-callback>



Mon Mar 24 6:43:24 EDT 2008:- <?xml version="1.0" encoding="UTF-8"?>
<new-order-notification xmlns="http://checkout.google.com/schema/2" serial-number="428739691255971-00001-7">
  <timestamp>2008-03-24T10:43:21.834Z</timestamp>
  <shopping-cart>
    <items>
      <item>
        <item-weight value="1.0" unit="LB" />
        <merchant-item-id>1914</merchant-item-id>
        <item-name>Test Product</item-name>
        <item-description>This is a test&lt;br /&gt;</item-description>
        <unit-price currency="USD">1.0</unit-price>
        <quantity>1</quantity>
        <merchant-private-item-data>
          
          
          <item>YToxMTp7czozOiJxdHkiO3M6MToiMSI7czo0OiJuYW1lIjtzOjEyOiJUZXN0IFByb2R1Y3QiO3M6NToibW9kZWwiO3M6NDoiMTIzNCI7czozOiJ0YXgiO2k6MDtzOjE1OiJ0YXhfZGVzY3JpcHRpb24iO3M6MTY6IlVua25vd24gdGF4IHJhdGUiO3M6NToicHJpY2UiO3M6NjoiMS4wMDAwIjtzOjExOiJmaW5hbF9wcmljZSI7ZDoxO3M6MTA6InZlbmRvcnNfaWQiO047czoxMjoidmVuZG9yc19uYW1lIjtOO3M6Njoid2VpZ2h0IjtzOjQ6IjEuMDAiO3M6MjoiaWQiO2k6MTkxNDt9</item>
          
        
        </merchant-private-item-data>
      </item>
    </items>
    <merchant-private-data>
      
      
      <session-data>717fa3271dd48f62194da7f9e023f238;osCsid</session-data>
      
    
    </merchant-private-data>
  </shopping-cart>
  <order-adjustment>
    <merchant-calculation-successful>false</merchant-calculation-successful>
    <merchant-codes />
    <total-tax currency="USD">0.0</total-tax>
    <shipping>
      <merchant-calculated-shipping-adjustment>
        <shipping-name>Zone Rates: Shipping to US : 0 lb(s)</shipping-name>
        <shipping-cost currency="USD">1.0</shipping-cost>
      </merchant-calculated-shipping-adjustment>
    </shipping>
    <adjustment-total currency="USD">1.0</adjustment-total>
  </order-adjustment>
  <buyer-id>809562694029263</buyer-id>
  <google-order-number>428739691255971</google-order-number>
  <buyer-shipping-address>
    <contact-name>jason</contact-name>
    <company-name></company-name>
    <email>start@cartstore.com</email>
    <phone></phone>
    <fax></fax>
    <address1>5100 park central</address1>
    <address2></address2>
    <city>orlando</city>
    <country-code>US</country-code>
    <region>FL</region>
    <postal-code>32839</postal-code>
  </buyer-shipping-address>
  <buyer-billing-address>
    <contact-name>jason</contact-name>
    <company-name></company-name>
    <email>start@cartstore.com</email>
    <phone>800 768-7851</phone>
    <fax></fax>
    <address1>5100 park central</address1>
    <address2></address2>
    <city>orlando</city>
    <country-code>US</country-code>
    <region>FL</region>
    <postal-code>32839</postal-code>
  </buyer-billing-address>
  <buyer-marketing-preferences>
    <email-allowed>true</email-allowed>
  </buyer-marketing-preferences>
  <order-total currency="USD">2.0</order-total>
  <fulfillment-order-state>NEW</fulfillment-order-state>
  <financial-order-state>REVIEWING</financial-order-state>
</new-order-notification>



Mon Mar 24 6:43:59 EDT 2008:- <?xml version="1.0" encoding="UTF-8"?>
<new-order-notification xmlns="http://checkout.google.com/schema/2" serial-number="428739691255971-00001-7">
  <timestamp>2008-03-24T10:43:21.834Z</timestamp>
  <shopping-cart>
    <items>
      <item>
        <item-weight value="1.0" unit="LB" />
        <merchant-item-id>1914</merchant-item-id>
        <item-name>Test Product</item-name>
        <item-description>This is a test&lt;br /&gt;</item-description>
        <unit-price currency="USD">1.0</unit-price>
        <quantity>1</quantity>
        <merchant-private-item-data>
          
          
          <item>YToxMTp7czozOiJxdHkiO3M6MToiMSI7czo0OiJuYW1lIjtzOjEyOiJUZXN0IFByb2R1Y3QiO3M6NToibW9kZWwiO3M6NDoiMTIzNCI7czozOiJ0YXgiO2k6MDtzOjE1OiJ0YXhfZGVzY3JpcHRpb24iO3M6MTY6IlVua25vd24gdGF4IHJhdGUiO3M6NToicHJpY2UiO3M6NjoiMS4wMDAwIjtzOjExOiJmaW5hbF9wcmljZSI7ZDoxO3M6MTA6InZlbmRvcnNfaWQiO047czoxMjoidmVuZG9yc19uYW1lIjtOO3M6Njoid2VpZ2h0IjtzOjQ6IjEuMDAiO3M6MjoiaWQiO2k6MTkxNDt9</item>
          
        
        </merchant-private-item-data>
      </item>
    </items>
    <merchant-private-data>
      
      
      <session-data>717fa3271dd48f62194da7f9e023f238;osCsid</session-data>
      
    
    </merchant-private-data>
  </shopping-cart>
  <order-adjustment>
    <merchant-calculation-successful>false</merchant-calculation-successful>
    <merchant-codes />
    <total-tax currency="USD">0.0</total-tax>
    <shipping>
      <merchant-calculated-shipping-adjustment>
        <shipping-name>Zone Rates: Shipping to US : 0 lb(s)</shipping-name>
        <shipping-cost currency="USD">1.0</shipping-cost>
      </merchant-calculated-shipping-adjustment>
    </shipping>
    <adjustment-total currency="USD">1.0</adjustment-total>
  </order-adjustment>
  <buyer-id>809562694029263</buyer-id>
  <google-order-number>428739691255971</google-order-number>
  <buyer-shipping-address>
    <contact-name>jason</contact-name>
    <company-name></company-name>
    <email>start@cartstore.com</email>
    <phone></phone>
    <fax></fax>
    <address1>5100 park central</address1>
    <address2></address2>
    <city>orlando</city>
    <country-code>US</country-code>
    <region>FL</region>
    <postal-code>32839</postal-code>
  </buyer-shipping-address>
  <buyer-billing-address>
    <contact-name>jason</contact-name>
    <company-name></company-name>
    <email>start@cartstore.com</email>
    <phone>800 768-7851</phone>
    <fax></fax>
    <address1>5100 park central</address1>
    <address2></address2>
    <city>orlando</city>
    <country-code>US</country-code>
    <region>FL</region>
    <postal-code>32839</postal-code>
  </buyer-billing-address>
  <buyer-marketing-preferences>
    <email-allowed>true</email-allowed>
  </buyer-marketing-preferences>
  <order-total currency="USD">2.0</order-total>
  <fulfillment-order-state>NEW</fulfillment-order-state>
  <financial-order-state>REVIEWING</financial-order-state>
</new-order-notification>



Mon Mar 24 6:46:11 EDT 2008:- <?xml version="1.0" encoding="UTF-8"?>
<new-order-notification xmlns="http://checkout.google.com/schema/2" serial-number="428739691255971-00001-7">
  <timestamp>2008-03-24T10:43:21.834Z</timestamp>
  <shopping-cart>
    <items>
      <item>
        <item-weight value="1.0" unit="LB" />
        <merchant-item-id>1914</merchant-item-id>
        <item-name>Test Product</item-name>
        <item-description>This is a test&lt;br /&gt;</item-description>
        <unit-price currency="USD">1.0</unit-price>
        <quantity>1</quantity>
        <merchant-private-item-data>
          
          
          <item>YToxMTp7czozOiJxdHkiO3M6MToiMSI7czo0OiJuYW1lIjtzOjEyOiJUZXN0IFByb2R1Y3QiO3M6NToibW9kZWwiO3M6NDoiMTIzNCI7czozOiJ0YXgiO2k6MDtzOjE1OiJ0YXhfZGVzY3JpcHRpb24iO3M6MTY6IlVua25vd24gdGF4IHJhdGUiO3M6NToicHJpY2UiO3M6NjoiMS4wMDAwIjtzOjExOiJmaW5hbF9wcmljZSI7ZDoxO3M6MTA6InZlbmRvcnNfaWQiO047czoxMjoidmVuZG9yc19uYW1lIjtOO3M6Njoid2VpZ2h0IjtzOjQ6IjEuMDAiO3M6MjoiaWQiO2k6MTkxNDt9</item>
          
        
        </merchant-private-item-data>
      </item>
    </items>
    <merchant-private-data>
      
      
      <session-data>717fa3271dd48f62194da7f9e023f238;osCsid</session-data>
      
    
    </merchant-private-data>
  </shopping-cart>
  <order-adjustment>
    <merchant-calculation-successful>false</merchant-calculation-successful>
    <merchant-codes />
    <total-tax currency="USD">0.0</total-tax>
    <shipping>
      <merchant-calculated-shipping-adjustment>
        <shipping-name>Zone Rates: Shipping to US : 0 lb(s)</shipping-name>
        <shipping-cost currency="USD">1.0</shipping-cost>
      </merchant-calculated-shipping-adjustment>
    </shipping>
    <adjustment-total currency="USD">1.0</adjustment-total>
  </order-adjustment>
  <buyer-id>809562694029263</buyer-id>
  <google-order-number>428739691255971</google-order-number>
  <buyer-shipping-address>
    <contact-name>jason</contact-name>
    <company-name></company-name>
    <email>start@cartstore.com</email>
    <phone></phone>
    <fax></fax>
    <address1>5100 park central</address1>
    <address2></address2>
    <city>orlando</city>
    <country-code>US</country-code>
    <region>FL</region>
    <postal-code>32839</postal-code>
  </buyer-shipping-address>
  <buyer-billing-address>
    <contact-name>jason</contact-name>
    <company-name></company-name>
    <email>start@cartstore.com</email>
    <phone>800 768-7851</phone>
    <fax></fax>
    <address1>5100 park central</address1>
    <address2></address2>
    <city>orlando</city>
    <country-code>US</country-code>
    <region>FL</region>
    <postal-code>32839</postal-code>
  </buyer-billing-address>
  <buyer-marketing-preferences>
    <email-allowed>true</email-allowed>
  </buyer-marketing-preferences>
  <order-total currency="USD">2.0</order-total>
  <fulfillment-order-state>NEW</fulfillment-order-state>
  <financial-order-state>REVIEWING</financial-order-state>
</new-order-notification>



Mon Mar 24 6:53:05 EDT 2008:- <?xml version="1.0" encoding="UTF-8"?>
<merchant-calculation-callback xmlns="http://checkout.google.com/schema/2" serial-number="c6d33db0-0685-4e9f-a187-07f5413aeb06">
  <shopping-cart>
    <items>
      <item>
        <item-weight value="1.0" unit="LB" />
        <item-name>Test Product</item-name>
        <item-description>This is a test&lt;br /&gt;</item-description>
        <quantity>1</quantity>
        <unit-price currency="USD">1.0</unit-price>
        <merchant-item-id>1914</merchant-item-id>
        <merchant-private-item-data>
          
          
          <item>YToxMTp7czozOiJxdHkiO3M6MToiMSI7czo0OiJuYW1lIjtzOjEyOiJUZXN0IFByb2R1Y3QiO3M6NToibW9kZWwiO3M6NDoiMTIzNCI7czozOiJ0YXgiO2k6MDtzOjE1OiJ0YXhfZGVzY3JpcHRpb24iO3M6MTY6IlVua25vd24gdGF4IHJhdGUiO3M6NToicHJpY2UiO3M6NjoiMS4wMDAwIjtzOjExOiJmaW5hbF9wcmljZSI7ZDoxO3M6MTA6InZlbmRvcnNfaWQiO047czoxMjoidmVuZG9yc19uYW1lIjtOO3M6Njoid2VpZ2h0IjtzOjQ6IjEuMDAiO3M6MjoiaWQiO2k6MTkxNDt9</item>
          
        
        </merchant-private-item-data>
      </item>
    </items>
    <merchant-private-data>
      
      
      <session-data>717fa3271dd48f62194da7f9e023f238;osCsid</session-data>
      
    
    </merchant-private-data>
  </shopping-cart>
  <buyer-id>447580900692213</buyer-id>
  <calculate>
    <addresses>
      <anonymous-address id="641918015529363">
        <country-code>US</country-code>
        <city>orlando</city>
        <region>FL</region>
        <postal-code>32839</postal-code>
      </anonymous-address>
    </addresses>
    <shipping>
      <method name="Zone Rates: Shipping to US : 0 lb(s)" />
    </shipping>
    <tax>false</tax>
    <merchant-code-strings />
  </calculate>
  <buyer-language>en_US</buyer-language>
</merchant-calculation-callback>



Mon Mar 24 6:54:55 EDT 2008:- <?xml version="1.0" encoding="UTF-8"?>
<new-order-notification xmlns="http://checkout.google.com/schema/2" serial-number="428739691255971-00001-7">
  <timestamp>2008-03-24T10:43:21.834Z</timestamp>
  <shopping-cart>
    <items>
      <item>
        <item-weight value="1.0" unit="LB" />
        <merchant-item-id>1914</merchant-item-id>
        <item-name>Test Product</item-name>
        <item-description>This is a test&lt;br /&gt;</item-description>
        <unit-price currency="USD">1.0</unit-price>
        <quantity>1</quantity>
        <merchant-private-item-data>
          
          
          <item>YToxMTp7czozOiJxdHkiO3M6MToiMSI7czo0OiJuYW1lIjtzOjEyOiJUZXN0IFByb2R1Y3QiO3M6NToibW9kZWwiO3M6NDoiMTIzNCI7czozOiJ0YXgiO2k6MDtzOjE1OiJ0YXhfZGVzY3JpcHRpb24iO3M6MTY6IlVua25vd24gdGF4IHJhdGUiO3M6NToicHJpY2UiO3M6NjoiMS4wMDAwIjtzOjExOiJmaW5hbF9wcmljZSI7ZDoxO3M6MTA6InZlbmRvcnNfaWQiO047czoxMjoidmVuZG9yc19uYW1lIjtOO3M6Njoid2VpZ2h0IjtzOjQ6IjEuMDAiO3M6MjoiaWQiO2k6MTkxNDt9</item>
          
        
        </merchant-private-item-data>
      </item>
    </items>
    <merchant-private-data>
      
      
      <session-data>717fa3271dd48f62194da7f9e023f238;osCsid</session-data>
      
    
    </merchant-private-data>
  </shopping-cart>
  <order-adjustment>
    <merchant-calculation-successful>false</merchant-calculation-successful>
    <merchant-codes />
    <total-tax currency="USD">0.0</total-tax>
    <shipping>
      <merchant-calculated-shipping-adjustment>
        <shipping-name>Zone Rates: Shipping to US : 0 lb(s)</shipping-name>
        <shipping-cost currency="USD">1.0</shipping-cost>
      </merchant-calculated-shipping-adjustment>
    </shipping>
    <adjustment-total currency="USD">1.0</adjustment-total>
  </order-adjustment>
  <buyer-id>809562694029263</buyer-id>
  <google-order-number>428739691255971</google-order-number>
  <buyer-shipping-address>
    <contact-name>jason</contact-name>
    <company-name></company-name>
    <email>start@cartstore.com</email>
    <phone></phone>
    <fax></fax>
    <address1>5100 park central</address1>
    <address2></address2>
    <city>orlando</city>
    <country-code>US</country-code>
    <region>FL</region>
    <postal-code>32839</postal-code>
  </buyer-shipping-address>
  <buyer-billing-address>
    <contact-name>jason</contact-name>
    <company-name></company-name>
    <email>start@cartstore.com</email>
    <phone>800 768-7851</phone>
    <fax></fax>
    <address1>5100 park central</address1>
    <address2></address2>
    <city>orlando</city>
    <country-code>US</country-code>
    <region>FL</region>
    <postal-code>32839</postal-code>
  </buyer-billing-address>
  <buyer-marketing-preferences>
    <email-allowed>true</email-allowed>
  </buyer-marketing-preferences>
  <order-total currency="USD">2.0</order-total>
  <fulfillment-order-state>NEW</fulfillment-order-state>
  <financial-order-state>REVIEWING</financial-order-state>
</new-order-notification>



Mon Mar 24 6:54:55 EDT 2008:- <?xml version="1.0" encoding="UTF-8"?>
<merchant-calculation-callback xmlns="http://checkout.google.com/schema/2" serial-number="159ae233-4365-4e7d-aff5-08b862754513">
  <shopping-cart>
    <items>
      <item>
        <item-weight value="1.0" unit="LB" />
        <item-name>Test Product</item-name>
        <item-description>This is a test&lt;br /&gt;</item-description>
        <quantity>1</quantity>
        <unit-price currency="USD">1.0</unit-price>
        <merchant-item-id>1914</merchant-item-id>
        <merchant-private-item-data>
          
          
          <item>YToxMTp7czozOiJxdHkiO3M6MToiMSI7czo0OiJuYW1lIjtzOjEyOiJUZXN0IFByb2R1Y3QiO3M6NToibW9kZWwiO3M6NDoiMTIzNCI7czozOiJ0YXgiO2k6MDtzOjE1OiJ0YXhfZGVzY3JpcHRpb24iO3M6MTY6IlVua25vd24gdGF4IHJhdGUiO3M6NToicHJpY2UiO3M6NjoiMS4wMDAwIjtzOjExOiJmaW5hbF9wcmljZSI7ZDoxO3M6MTA6InZlbmRvcnNfaWQiO047czoxMjoidmVuZG9yc19uYW1lIjtOO3M6Njoid2VpZ2h0IjtzOjQ6IjEuMDAiO3M6MjoiaWQiO2k6MTkxNDt9</item>
          
        
        </merchant-private-item-data>
      </item>
    </items>
    <merchant-private-data>
      
      
      <session-data>717fa3271dd48f62194da7f9e023f238;osCsid</session-data>
      
    
    </merchant-private-data>
  </shopping-cart>
  <buyer-id>809562694029263</buyer-id>
  <calculate>
    <addresses>
      <anonymous-address id="573922516449230">
        <country-code>US</country-code>
        <city>orlando</city>
        <region>FL</region>
        <postal-code>32839</postal-code>
      </anonymous-address>
    </addresses>
    <shipping>
      <method name="Zone Rates: Shipping to US : 0 lb(s)" />
    </shipping>
    <tax>false</tax>
    <merchant-code-strings />
  </calculate>
  <buyer-language>en_US</buyer-language>
</merchant-calculation-callback>



Mon Mar 24 6:54:55 EDT 2008:- <?xml version="1.0" encoding="UTF-8"?><notification-acknowledgment xmlns="http://checkout.google.com/schema/2"/>

Mon Mar 24 6:54:56 EDT 2008:- <?xml version="1.0" encoding="UTF-8"?>
<order-state-change-notification xmlns="http://checkout.google.com/schema/2" serial-number="428739691255971-00005-1">
  <timestamp>2008-03-24T10:44:42.799Z</timestamp>
  <google-order-number>428739691255971</google-order-number>
  <new-fulfillment-order-state>NEW</new-fulfillment-order-state>
  <new-financial-order-state>CHARGEABLE</new-financial-order-state>
  <previous-fulfillment-order-state>NEW</previous-fulfillment-order-state>
  <previous-financial-order-state>REVIEWING</previous-financial-order-state>
</order-state-change-notification>



Mon Mar 24 6:54:56 EDT 2008:- <?xml version="1.0" encoding="UTF-8"?><notification-acknowledgment xmlns="http://checkout.google.com/schema/2"/>

Mon Mar 24 6:54:57 EDT 2008:- <?xml version="1.0" encoding="UTF-8"?>
<risk-information-notification xmlns="http://checkout.google.com/schema/2" serial-number="428739691255971-00005-5">
  <timestamp>2008-03-24T10:44:42.799Z</timestamp>
  <google-order-number>428739691255971</google-order-number>
  <risk-information>
    <billing-address>
      <contact-name>jason</contact-name>
      <company-name></company-name>
      <email>start@cartstore.com</email>
      <phone>800 768-7851</phone>
      <fax></fax>
      <address1>5100 park central</address1>
      <address2></address2>
      <city>orlando</city>
      <country-code>US</country-code>
      <region>FL</region>
      <postal-code>32839</postal-code>
    </billing-address>
    <ip-address>71.43.248.218</ip-address>
    <eligible-for-protection>true</eligible-for-protection>
    <avs-response>Y</avs-response>
    <cvn-response>M</cvn-response>
    <partial-cc-number>5990</partial-cc-number>
    <buyer-account-age>0</buyer-account-age>
  </risk-information>
</risk-information-notification>



Mon Mar 24 6:54:57 EDT 2008:- <?xml version="1.0" encoding="UTF-8"?><notification-acknowledgment xmlns="http://checkout.google.com/schema/2"/>

Mon Mar 24 6:54:58 EDT 2008:- <?xml version="1.0" encoding="UTF-8"?>
<order-state-change-notification xmlns="http://checkout.google.com/schema/2" serial-number="428739691255971-00006-1">
  <timestamp>2008-03-24T10:48:16.048Z</timestamp>
  <google-order-number>428739691255971</google-order-number>
  <new-fulfillment-order-state>PROCESSING</new-fulfillment-order-state>
  <new-financial-order-state>CHARGEABLE</new-financial-order-state>
  <previous-fulfillment-order-state>NEW</previous-fulfillment-order-state>
  <previous-financial-order-state>CHARGEABLE</previous-financial-order-state>
</order-state-change-notification>



Mon Mar 24 6:54:58 EDT 2008:- <?xml version="1.0" encoding="UTF-8"?>
                  <send-buyer-message xmlns="http://checkout.google.com/schema/2" google-order-number="428739691255971">
                  <message>These are your Credentials to log into Portable Sinks site. User: start@cartstore.com Pass: 809562694029263 Please change your password after logging in - Change it in &quot;MyAccount&quot; area.</message>
                  <send-email>true</send-email>
                  </send-buyer-message>

Mon Mar 24 6:54:59 EDT 2008:- <?xml version="1.0" encoding="UTF-8"?>
                  <add-merchant-order-number xmlns="http://checkout.google.com/schema/2" google-order-number="428739691255971">
                  <merchant-order-number>61</merchant-order-number>
                  </add-merchant-order-number>

Mon Mar 24 6:54:59 EDT 2008:- <?xml version="1.0" encoding="UTF-8"?><notification-acknowledgment xmlns="http://checkout.google.com/schema/2"/>

Mon Mar 24 6:55:00 EDT 2008:- <?xml version="1.0" encoding="UTF-8"?>
<order-state-change-notification xmlns="http://checkout.google.com/schema/2" serial-number="428739691255971-00008-1">
  <timestamp>2008-03-24T10:48:16.181Z</timestamp>
  <google-order-number>428739691255971</google-order-number>
  <new-fulfillment-order-state>PROCESSING</new-fulfillment-order-state>
  <new-financial-order-state>CHARGING</new-financial-order-state>
  <previous-fulfillment-order-state>PROCESSING</previous-fulfillment-order-state>
  <previous-financial-order-state>CHARGEABLE</previous-financial-order-state>
</order-state-change-notification>



Mon Mar 24 6:55:00 EDT 2008:- <?xml version="1.0" encoding="UTF-8"?><notification-acknowledgment xmlns="http://checkout.google.com/schema/2"/>

Mon Mar 24 6:55:01 EDT 2008:- <?xml version="1.0" encoding="UTF-8"?>
<order-state-change-notification xmlns="http://checkout.google.com/schema/2" serial-number="428739691255971-00010-1">
  <timestamp>2008-03-24T10:48:16.304Z</timestamp>
  <google-order-number>428739691255971</google-order-number>
  <new-fulfillment-order-state>PROCESSING</new-fulfillment-order-state>
  <new-financial-order-state>CHARGED</new-financial-order-state>
  <previous-fulfillment-order-state>PROCESSING</previous-fulfillment-order-state>
  <previous-financial-order-state>CHARGING</previous-financial-order-state>
</order-state-change-notification>



Mon Mar 24 6:55:01 EDT 2008:- <?xml version="1.0" encoding="UTF-8"?><notification-acknowledgment xmlns="http://checkout.google.com/schema/2"/>

Mon Mar 24 6:55:02 EDT 2008:- <?xml version="1.0" encoding="UTF-8"?>
<charge-amount-notification xmlns="http://checkout.google.com/schema/2" serial-number="428739691255971-00010-2">
  <timestamp>2008-03-24T10:48:16.304Z</timestamp>
  <google-order-number>428739691255971</google-order-number>
  <latest-charge-amount currency="USD">2.0</latest-charge-amount>
  <total-charge-amount currency="USD">2.0</total-charge-amount>
</charge-amount-notification>



Mon Mar 24 6:55:02 EDT 2008:- <?xml version="1.0" encoding="UTF-8"?><notification-acknowledgment xmlns="http://checkout.google.com/schema/2"/>

Mon Mar 24 6:55:28 EDT 2008:- <?xml version="1.0" encoding="UTF-8"?>
<merchant-calculation-callback xmlns="http://checkout.google.com/schema/2" serial-number="9fb8c5de-d768-4463-a037-3a4d10b6ba6e">
  <shopping-cart>
    <items>
      <item>
        <item-weight value="1.0" unit="LB" />
        <item-name>Test Product</item-name>
        <item-description>This is a test&lt;br /&gt;</item-description>
        <quantity>1</quantity>
        <unit-price currency="USD">1.0</unit-price>
        <merchant-item-id>1914</merchant-item-id>
        <merchant-private-item-data>
          
          
          <item>YToxMTp7czozOiJxdHkiO3M6MToiMSI7czo0OiJuYW1lIjtzOjEyOiJUZXN0IFByb2R1Y3QiO3M6NToibW9kZWwiO3M6NDoiMTIzNCI7czozOiJ0YXgiO2k6MDtzOjE1OiJ0YXhfZGVzY3JpcHRpb24iO3M6MTY6IlVua25vd24gdGF4IHJhdGUiO3M6NToicHJpY2UiO3M6NjoiMS4wMDAwIjtzOjExOiJmaW5hbF9wcmljZSI7ZDoxO3M6MTA6InZlbmRvcnNfaWQiO047czoxMjoidmVuZG9yc19uYW1lIjtOO3M6Njoid2VpZ2h0IjtzOjQ6IjEuMDAiO3M6MjoiaWQiO2k6MTkxNDt9</item>
          
        
        </merchant-private-item-data>
      </item>
    </items>
    <merchant-private-data>
      
      
      <session-data>717fa3271dd48f62194da7f9e023f238;osCsid</session-data>
      
    
    </merchant-private-data>
  </shopping-cart>
  <buyer-id>809562694029263</buyer-id>
  <calculate>
    <addresses>
      <anonymous-address id="H-433212156">
        <country-code>US</country-code>
        <city>orlando</city>
        <region>FL</region>
        <postal-code>32839</postal-code>
      </anonymous-address>
    </addresses>
    <shipping>
      <method name="Zone Rates: Shipping to US : 0 lb(s)" />
    </shipping>
    <tax>false</tax>
    <merchant-code-strings />
  </calculate>
  <buyer-language>en_US</buyer-language>
</merchant-calculation-callback>



Mon Mar 24 6:59:33 EDT 2008:- <?xml version="1.0" encoding="UTF-8"?>
<new-order-notification xmlns="http://checkout.google.com/schema/2" serial-number="221810629869430-00001-7">
  <timestamp>2008-03-24T10:16:53.291Z</timestamp>
  <shopping-cart>
    <items>
      <item>
        <item-weight value="1.0" unit="LB" />
        <merchant-item-id>1914</merchant-item-id>
        <item-name>Test Product</item-name>
        <item-description>This is a test&lt;br /&gt;</item-description>
        <unit-price currency="USD">1.0</unit-price>
        <quantity>1</quantity>
        <merchant-private-item-data>
          
          
          <item>YToxMTp7czozOiJxdHkiO2k6MTtzOjQ6Im5hbWUiO3M6MTI6IlRlc3QgUHJvZHVjdCI7czo1OiJtb2RlbCI7czo0OiIxMjM0IjtzOjM6InRheCI7aTowO3M6MTU6InRheF9kZXNjcmlwdGlvbiI7czoxNjoiVW5rbm93biB0YXggcmF0ZSI7czo1OiJwcmljZSI7czo2OiIxLjAwMDAiO3M6MTE6ImZpbmFsX3ByaWNlIjtkOjE7czoxMDoidmVuZG9yc19pZCI7TjtzOjEyOiJ2ZW5kb3JzX25hbWUiO047czo2OiJ3ZWlnaHQiO3M6NDoiMS4wMCI7czoyOiJpZCI7aToxOTE0O30=</item>
          
        
        </merchant-private-item-data>
      </item>
    </items>
    <merchant-private-data>
      
      
      <session-data>17ab496a314ae8b2159123e4cdd2010e;osCsid</session-data>
      
    
    </merchant-private-data>
  </shopping-cart>
  <order-adjustment>
    <merchant-codes />
    <total-tax currency="USD">0.0</total-tax>
    <shipping>
      <carrier-calculated-shipping-adjustment>
        <shipping-name>FedEx Ground</shipping-name>
        <shipping-cost currency="USD">6.98</shipping-cost>
      </carrier-calculated-shipping-adjustment>
    </shipping>
    <adjustment-total currency="USD">6.98</adjustment-total>
  </order-adjustment>
  <buyer-id>809562694029263</buyer-id>
  <google-order-number>221810629869430</google-order-number>
  <buyer-shipping-address>
    <contact-name>jason</contact-name>
    <company-name></company-name>
    <email>start@cartstore.com</email>
    <phone></phone>
    <fax></fax>
    <address1>5100 park central</address1>
    <address2></address2>
    <city>orlando</city>
    <country-code>US</country-code>
    <region>FL</region>
    <postal-code>32839</postal-code>
  </buyer-shipping-address>
  <buyer-billing-address>
    <contact-name>jason</contact-name>
    <company-name></company-name>
    <email>start@cartstore.com</email>
    <phone>800 768-7851</phone>
    <fax></fax>
    <address1>5100 park central</address1>
    <address2></address2>
    <city>orlando</city>
    <country-code>US</country-code>
    <region>FL</region>
    <postal-code>32839</postal-code>
  </buyer-billing-address>
  <buyer-marketing-preferences>
    <email-allowed>true</email-allowed>
  </buyer-marketing-preferences>
  <order-total currency="USD">7.98</order-total>
  <fulfillment-order-state>NEW</fulfillment-order-state>
  <financial-order-state>REVIEWING</financial-order-state>
</new-order-notification>



Mon Mar 24 6:59:34 EDT 2008:- <?xml version="1.0" encoding="UTF-8"?><notification-acknowledgment xmlns="http://checkout.google.com/schema/2"/>

Mon Mar 24 6:59:35 EDT 2008:- <?xml version="1.0" encoding="UTF-8"?>
<order-state-change-notification xmlns="http://checkout.google.com/schema/2" serial-number="221810629869430-00005-1">
  <timestamp>2008-03-24T10:18:08.374Z</timestamp>
  <google-order-number>221810629869430</google-order-number>
  <new-fulfillment-order-state>NEW</new-fulfillment-order-state>
  <new-financial-order-state>CHARGEABLE</new-financial-order-state>
  <previous-fulfillment-order-state>NEW</previous-fulfillment-order-state>
  <previous-financial-order-state>REVIEWING</previous-financial-order-state>
</order-state-change-notification>



Mon Mar 24 6:59:36 EDT 2008:- <?xml version="1.0" encoding="UTF-8"?><notification-acknowledgment xmlns="http://checkout.google.com/schema/2"/>

Mon Mar 24 6:59:36 EDT 2008:- <?xml version="1.0" encoding="UTF-8"?>
<risk-information-notification xmlns="http://checkout.google.com/schema/2" serial-number="221810629869430-00005-5">
  <timestamp>2008-03-24T10:18:08.374Z</timestamp>
  <google-order-number>221810629869430</google-order-number>
  <risk-information>
    <billing-address>
      <contact-name>jason</contact-name>
      <company-name></company-name>
      <email>start@cartstore.com</email>
      <phone>800 768-7851</phone>
      <fax></fax>
      <address1>5100 park central</address1>
      <address2></address2>
      <city>orlando</city>
      <country-code>US</country-code>
      <region>FL</region>
      <postal-code>32839</postal-code>
    </billing-address>
    <ip-address>71.43.248.218</ip-address>
    <eligible-for-protection>true</eligible-for-protection>
    <avs-response>Y</avs-response>
    <cvn-response>M</cvn-response>
    <partial-cc-number>5990</partial-cc-number>
    <buyer-account-age>0</buyer-account-age>
  </risk-information>
</risk-information-notification>



Mon Mar 24 6:59:37 EDT 2008:- <?xml version="1.0" encoding="UTF-8"?><notification-acknowledgment xmlns="http://checkout.google.com/schema/2"/>

Mon Mar 24 7:00:16 EDT 2008:- <?xml version="1.0" encoding="UTF-8"?>
<merchant-calculation-callback xmlns="http://checkout.google.com/schema/2" serial-number="e3c56fd0-d029-43ec-95d3-8e4e681b4c87">
  <shopping-cart>
    <items>
      <item>
        <item-weight value="1.0" unit="LB" />
        <item-name>Test Product</item-name>
        <item-description>This is a test&lt;br /&gt;</item-description>
        <quantity>1</quantity>
        <unit-price currency="USD">1.0</unit-price>
        <merchant-item-id>1914</merchant-item-id>
        <merchant-private-item-data>
          
          
          <item>YToxMTp7czozOiJxdHkiO3M6MToiMSI7czo0OiJuYW1lIjtzOjEyOiJUZXN0IFByb2R1Y3QiO3M6NToibW9kZWwiO3M6NDoiMTIzNCI7czozOiJ0YXgiO2k6MDtzOjE1OiJ0YXhfZGVzY3JpcHRpb24iO3M6MTY6IlVua25vd24gdGF4IHJhdGUiO3M6NToicHJpY2UiO3M6NjoiMS4wMDAwIjtzOjExOiJmaW5hbF9wcmljZSI7ZDoxO3M6MTA6InZlbmRvcnNfaWQiO047czoxMjoidmVuZG9yc19uYW1lIjtOO3M6Njoid2VpZ2h0IjtzOjQ6IjEuMDAiO3M6MjoiaWQiO2k6MTkxNDt9</item>
          
        
        </merchant-private-item-data>
      </item>
    </items>
    <merchant-private-data>
      
      
      <session-data>717fa3271dd48f62194da7f9e023f238;osCsid</session-data>
      
    
    </merchant-private-data>
  </shopping-cart>
  <buyer-id>447580900692213</buyer-id>
  <calculate>
    <addresses>
      <anonymous-address id="H211825204">
        <country-code>US</country-code>
        <city>HERNANDO</city>
        <region>FL</region>
        <postal-code>32839</postal-code>
      </anonymous-address>
    </addresses>
    <shipping>
      <method name="Zone Rates: Shipping to US : 0 lb(s)" />
    </shipping>
    <tax>false</tax>
    <merchant-code-strings />
  </calculate>
  <buyer-language>en_US</buyer-language>
</merchant-calculation-callback>



Mon Mar 24 7:07:06 EDT 2008:- <?xml version="1.0" encoding="UTF-8"?>
<new-order-notification xmlns="http://checkout.google.com/schema/2" serial-number="143622215087713-00001-7">
  <timestamp>2008-03-24T11:07:03.606Z</timestamp>
  <shopping-cart>
    <items>
      <item>
        <item-weight value="1.0" unit="LB" />
        <merchant-item-id>1914</merchant-item-id>
        <item-name>Test Product</item-name>
        <item-description>This is a test&lt;br /&gt;</item-description>
        <unit-price currency="USD">1.0</unit-price>
        <quantity>1</quantity>
        <merchant-private-item-data>
          
          
          <item>YToxMTp7czozOiJxdHkiO2k6MTtzOjQ6Im5hbWUiO3M6MTI6IlRlc3QgUHJvZHVjdCI7czo1OiJtb2RlbCI7czo0OiIxMjM0IjtzOjM6InRheCI7aTowO3M6MTU6InRheF9kZXNjcmlwdGlvbiI7czoxNjoiVW5rbm93biB0YXggcmF0ZSI7czo1OiJwcmljZSI7czo2OiIxLjAwMDAiO3M6MTE6ImZpbmFsX3ByaWNlIjtkOjE7czoxMDoidmVuZG9yc19pZCI7TjtzOjEyOiJ2ZW5kb3JzX25hbWUiO047czo2OiJ3ZWlnaHQiO3M6NDoiMS4wMCI7czoyOiJpZCI7aToxOTE0O30=</item>
          
        
        </merchant-private-item-data>
      </item>
    </items>
    <merchant-private-data>
      
      
      <session-data>717fa3271dd48f62194da7f9e023f238;osCsid</session-data>
      
    
    </merchant-private-data>
  </shopping-cart>
  <order-adjustment>
    <merchant-codes />
    <total-tax currency="USD">0.0</total-tax>
    <shipping>
      <carrier-calculated-shipping-adjustment>
        <shipping-name>FedEx Ground</shipping-name>
        <shipping-cost currency="USD">6.98</shipping-cost>
      </carrier-calculated-shipping-adjustment>
    </shipping>
    <adjustment-total currency="USD">6.98</adjustment-total>
  </order-adjustment>
  <buyer-id>809562694029263</buyer-id>
  <google-order-number>143622215087713</google-order-number>
  <buyer-shipping-address>
    <contact-name>jason</contact-name>
    <company-name></company-name>
    <email>start@cartstore.com</email>
    <phone></phone>
    <fax></fax>
    <address1>5100 park central</address1>
    <address2></address2>
    <city>orlando</city>
    <country-code>US</country-code>
    <region>FL</region>
    <postal-code>32839</postal-code>
  </buyer-shipping-address>
  <buyer-billing-address>
    <contact-name>jason</contact-name>
    <company-name></company-name>
    <email>start@cartstore.com</email>
    <phone>800 768-7851</phone>
    <fax></fax>
    <address1>5100 park central</address1>
    <address2></address2>
    <city>orlando</city>
    <country-code>US</country-code>
    <region>FL</region>
    <postal-code>32839</postal-code>
  </buyer-billing-address>
  <buyer-marketing-preferences>
    <email-allowed>true</email-allowed>
  </buyer-marketing-preferences>
  <order-total currency="USD">7.98</order-total>
  <fulfillment-order-state>NEW</fulfillment-order-state>
  <financial-order-state>REVIEWING</financial-order-state>
</new-order-notification>



Mon Mar 24 7:07:06 EDT 2008:- <?xml version="1.0" encoding="UTF-8"?><notification-acknowledgment xmlns="http://checkout.google.com/schema/2"/>

Mon Mar 24 7:08:29 EDT 2008:- <?xml version="1.0" encoding="UTF-8"?>
<order-state-change-notification xmlns="http://checkout.google.com/schema/2" serial-number="143622215087713-00005-1">
  <timestamp>2008-03-24T11:08:27.323Z</timestamp>
  <google-order-number>143622215087713</google-order-number>
  <new-fulfillment-order-state>NEW</new-fulfillment-order-state>
  <new-financial-order-state>CHARGEABLE</new-financial-order-state>
  <previous-fulfillment-order-state>NEW</previous-fulfillment-order-state>
  <previous-financial-order-state>REVIEWING</previous-financial-order-state>
</order-state-change-notification>



Mon Mar 24 7:08:29 EDT 2008:- <?xml version="1.0" encoding="UTF-8"?><notification-acknowledgment xmlns="http://checkout.google.com/schema/2"/>

Mon Mar 24 7:08:30 EDT 2008:- <?xml version="1.0" encoding="UTF-8"?>
<risk-information-notification xmlns="http://checkout.google.com/schema/2" serial-number="143622215087713-00005-5">
  <timestamp>2008-03-24T11:08:27.323Z</timestamp>
  <google-order-number>143622215087713</google-order-number>
  <risk-information>
    <billing-address>
      <contact-name>jason</contact-name>
      <company-name></company-name>
      <email>start@cartstore.com</email>
      <phone>800 768-7851</phone>
      <fax></fax>
      <address1>5100 park central</address1>
      <address2></address2>
      <city>orlando</city>
      <country-code>US</country-code>
      <region>FL</region>
      <postal-code>32839</postal-code>
    </billing-address>
    <ip-address>71.43.248.218</ip-address>
    <eligible-for-protection>true</eligible-for-protection>
    <avs-response>Y</avs-response>
    <cvn-response>M</cvn-response>
    <partial-cc-number>5990</partial-cc-number>
    <buyer-account-age>0</buyer-account-age>
  </risk-information>
</risk-information-notification>



Mon Mar 24 7:08:30 EDT 2008:- <?xml version="1.0" encoding="UTF-8"?><notification-acknowledgment xmlns="http://checkout.google.com/schema/2"/>

Mon Mar 24 7:27:03 EDT 2008:- <?xml version="1.0" encoding="UTF-8"?>
<refund-amount-notification xmlns="http://checkout.google.com/schema/2" serial-number="428739691255971-00014-3">
  <timestamp>2008-03-24T11:27:00.786Z</timestamp>
  <google-order-number>428739691255971</google-order-number>
  <latest-refund-amount currency="USD">2.0</latest-refund-amount>
  <total-refund-amount currency="USD">2.0</total-refund-amount>
</refund-amount-notification>



Mon Mar 24 7:27:03 EDT 2008:- <?xml version="1.0" encoding="UTF-8"?><notification-acknowledgment xmlns="http://checkout.google.com/schema/2"/>

Mon Mar 24 7:27:04 EDT 2008:- <?xml version="1.0" encoding="UTF-8"?>
<order-state-change-notification xmlns="http://checkout.google.com/schema/2" serial-number="428739691255971-00015-1">
  <timestamp>2008-03-24T11:27:00.827Z</timestamp>
  <google-order-number>428739691255971</google-order-number>
  <new-fulfillment-order-state>WILL_NOT_DELIVER</new-fulfillment-order-state>
  <new-financial-order-state>CANCELLED</new-financial-order-state>
  <previous-fulfillment-order-state>PROCESSING</previous-fulfillment-order-state>
  <previous-financial-order-state>CHARGED</previous-financial-order-state>
</order-state-change-notification>



Mon Mar 24 7:27:04 EDT 2008:- <?xml version="1.0" encoding="UTF-8"?><notification-acknowledgment xmlns="http://checkout.google.com/schema/2"/>
